<?xml version="1.0" encoding="UTF-8"?>
<testng-results ignored="0" total="2" passed="2" failed="0" skipped="0">
  <reporter-output>
  </reporter-output>
  <suite started-at="2024-08-12T18:07:47 IST" name="Suite" finished-at="2024-08-12T18:08:14 IST" duration-ms="27750">
    <groups>
    </groups>
    <test started-at="2024-08-12T18:07:47 IST" name="Test" finished-at="2024-08-12T18:08:14 IST" duration-ms="27750">
      <class name="com.TestCases.TC_CreateOrganization_002">
        <test-method is-config="true" signature="setup(java.lang.String)[pri:0, instance:com.TestCases.TC_CreateOrganization_002@27406a17]" started-at="2024-08-12T18:07:55 IST" name="setup" finished-at="2024-08-12T18:07:57 IST" duration-ms="2114" status="PASS">
          <params>
            <param index="0">
              <value>
                <![CDATA[firefox]]>
              </value>
            </param>
          </params>
          <reporter-output>
          </reporter-output>
        </test-method> <!-- setup -->
        <test-method signature="createOrganization()[pri:0, instance:com.TestCases.TC_CreateOrganization_002@27406a17]" started-at="2024-08-12T18:07:57 IST" name="createOrganization" finished-at="2024-08-12T18:08:14 IST" duration-ms="16668" status="PASS">
          <reporter-output>
          </reporter-output>
        </test-method> <!-- createOrganization -->
        <test-method is-config="true" signature="teardown()[pri:0, instance:com.TestCases.TC_CreateOrganization_002@27406a17]" started-at="2024-08-12T18:08:14 IST" name="teardown" finished-at="2024-08-12T18:08:14 IST" duration-ms="619" status="PASS">
          <reporter-output>
          </reporter-output>
        </test-method> <!-- teardown -->
      </class> <!-- com.TestCases.TC_CreateOrganization_002 -->
      <class name="com.TestCases.TC_LoginTest_001">
        <test-method is-config="true" signature="setup(java.lang.String)[pri:0, instance:com.TestCases.TC_LoginTest_001@470734c3]" started-at="2024-08-12T18:07:47 IST" name="setup" finished-at="2024-08-12T18:07:50 IST" duration-ms="3364" status="PASS">
          <params>
            <param index="0">
              <value>
                <![CDATA[firefox]]>
              </value>
            </param>
          </params>
          <reporter-output>
          </reporter-output>
        </test-method> <!-- setup -->
        <test-method signature="LoginTest()[pri:0, instance:com.TestCases.TC_LoginTest_001@470734c3]" started-at="2024-08-12T18:07:50 IST" name="LoginTest" finished-at="2024-08-12T18:07:54 IST" duration-ms="4302" status="PASS">
          <reporter-output>
          </reporter-output>
        </test-method> <!-- LoginTest -->
        <test-method is-config="true" signature="teardown()[pri:0, instance:com.TestCases.TC_LoginTest_001@470734c3]" started-at="2024-08-12T18:07:54 IST" name="teardown" finished-at="2024-08-12T18:07:55 IST" duration-ms="636" status="PASS">
          <reporter-output>
          </reporter-output>
        </test-method> <!-- teardown -->
      </class> <!-- com.TestCases.TC_LoginTest_001 -->
    </test> <!-- Test -->
  </suite> <!-- Suite -->
</testng-results>
